<?xml version="1.0" encoding="UTF-8"?>
<testng-results ignored="0" total="4" passed="4" failed="0" skipped="0">
  <reporter-output>
  </reporter-output>
  <suite started-at="2026-03-28T12:02:34 IST" name="Suite" finished-at="2026-03-28T12:02:34 IST" duration-ms="90">
    <groups>
    </groups>
    <test started-at="2026-03-28T12:02:34 IST" name="Test" finished-at="2026-03-28T12:02:34 IST" duration-ms="90">
      <class name="Pac2.OrgTest">
        <test-method signature="createOrg()[pri:0, instance:Pac2.OrgTest@459e9125]" started-at="2026-03-28T12:02:34 IST" name="createOrg" finished-at="2026-03-28T12:02:34 IST" duration-ms="2" status="PASS">
          <reporter-output>
          </reporter-output>
        </test-method> <!-- createOrg -->
        <test-method signature="modifyOrg()[pri:0, instance:Pac2.OrgTest@459e9125]" started-at="2026-03-28T12:02:34 IST" name="modifyOrg" finished-at="2026-03-28T12:02:34 IST" duration-ms="1" status="PASS">
          <reporter-output>
          </reporter-output>
        </test-method> <!-- modifyOrg -->
      </class> <!-- Pac2.OrgTest -->
      <class name="Pac1.ContactTest">
        <test-method signature="createcontactTest()[pri:0, instance:Pac1.ContactTest@2a65fe7c]" started-at="2026-03-28T12:02:34 IST" name="createcontactTest" finished-at="2026-03-28T12:02:34 IST" duration-ms="11" status="PASS">
          <reporter-output>
          </reporter-output>
        </test-method> <!-- createcontactTest -->
        <test-method signature="modifycontactTest()[pri:0, instance:Pac1.ContactTest@2a65fe7c]" started-at="2026-03-28T12:02:34 IST" name="modifycontactTest" finished-at="2026-03-28T12:02:34 IST" duration-ms="1" status="PASS">
          <reporter-output>
          </reporter-output>
        </test-method> <!-- modifycontactTest -->
      </class> <!-- Pac1.ContactTest -->
    </test> <!-- Test -->
  </suite> <!-- Suite -->
</testng-results>
