<?xml version="1.0" encoding="UTF-8"?>
<!-- Generated by org.testng.reporters.JUnitXMLReporter -->
<testsuite ignored="0" hostname="NITIN" failures="0" tests="4" name="Test" time="0.09" errors="0" timestamp="2026-03-28T12:02:34 IST">
  <testcase classname="Pac1.ContactTest" name="createcontactTest" time="0.011"/>
  <testcase classname="Pac1.ContactTest" name="modifycontactTest" time="0.001"/>
  <testcase classname="Pac2.OrgTest" name="createOrg" time="0.002"/>
  <testcase classname="Pac2.OrgTest" name="modifyOrg" time="0.001"/>
</testsuite> <!-- Test -->
